# JRE version: OpenJDK Runtime Environment Microsoft-8035246 (17.0.8+7) (build 17.0.8+7-LTS)
# Java VM: OpenJDK 64-Bit Server VM Microsoft-8035246 (17.0.8+7-LTS, mixed mode, sharing, tiered, compressed oops, compressed class ptrs, g1 gc, windows-amd64)
GC Precious Log:
 CPUs: 8 total, 8 available
 Memory: 7834M
 Large Page Support: Disabled
 NUMA Support: Disabled
 Compressed Oops: Enabled (32-bit)
 Heap Region Size: 1M
 Heap Min Capacity: 8M
 Heap Initial Capacity: 124M
 Heap Max Capacity: 2G
 Pre-touch: Disabled
 Parallel Workers: 8
 Concurrent Workers: 2
 Concurrent Refinement Workers: 8
 Periodic GC: Disabled
Heap:
 garbage-first heap   total 389120K, used 289954K [0x0000000080000000, 0x0000000100000000)
  region size 1024K, 9 young (9216K), 4 survivors (4096K)
 Metaspace       used 121483K, committed 123520K, reserved 557056K
  class space    used 16767K, committed 17728K, reserved 425984K
GC Heap History (20 events):
Event: 33.287 GC heap before
{Heap before GC invocations=41 (full 0):
 garbage-first heap   total 389120K, used 289053K [0x0000000080000000, 0x0000000100000000)
  region size 1024K, 133 young (136192K), 18 survivors (18432K)
 Metaspace       used 109132K, committed 110720K, reserved 557056K
  class space    used 15189K, committed 15936K, reserved 425984K
}
Event: 33.303 GC heap after
{Heap after GC invocations=42 (full 0):
 garbage-first heap   total 389120K, used 191488K [0x0000000080000000, 0x0000000100000000)
  region size 1024K, 17 young (17408K), 17 survivors (17408K)
 Metaspace       used 109132K, committed 110720K, reserved 557056K
  class space    used 15189K, committed 15936K, reserved 425984K
}
Event: 34.545 GC heap before
{Heap before GC invocations=42 (full 0):
 garbage-first heap   total 389120K, used 293888K [0x0000000080000000, 0x0000000100000000)
  region size 1024K, 117 young (119808K), 17 survivors (17408K)
 Metaspace       used 113296K, committed 115072K, reserved 557056K
  class space    used 15756K, committed 16576K, reserved 425984K
}
Event: 34.582 GC heap after
{Heap after GC invocations=43 (full 0):
 garbage-first heap   total 389120K, used 207223K [0x0000000080000000, 0x0000000100000000)
  region size 1024K, 14 young (14336K), 14 survivors (14336K)
 Metaspace       used 113296K, committed 115072K, reserved 557056K
  class space    used 15756K, committed 16576K, reserved 425984K
}
Event: 35.412 GC heap before
{Heap before GC invocations=43 (full 0):
 garbage-first heap   total 389120K, used 300407K [0x0000000080000000, 0x0000000100000000)
  region size 1024K, 105 young (107520K), 14 survivors (14336K)
 Metaspace       used 116133K, committed 117888K, reserved 557056K
  class space    used 16074K, committed 16896K, reserved 425984K
}
Event: 35.436 GC heap after
{Heap after GC invocations=44 (full 0):
 garbage-first heap   total 389120K, used 224256K [0x0000000080000000, 0x0000000100000000)
  region size 1024K, 14 young (14336K), 14 survivors (14336K)
 Metaspace       used 116133K, committed 117888K, reserved 557056K
  class space    used 16074K, committed 16896K, reserved 425984K
}
Event: 35.927 GC heap before
{Heap before GC invocations=44 (full 0):
 garbage-first heap   total 389120K, used 305152K [0x0000000080000000, 0x0000000100000000)
  region size 1024K, 93 young (95232K), 14 survivors (14336K)
 Metaspace       used 116780K, committed 118592K, reserved 557056K
  class space    used 16145K, committed 17024K, reserved 425984K
}
Event: 35.948 GC heap after
{Heap after GC invocations=45 (full 0):
 garbage-first heap   total 389120K, used 241020K [0x0000000080000000, 0x0000000100000000)
  region size 1024K, 12 young (12288K), 12 survivors (12288K)
 Metaspace       used 116780K, committed 118592K, reserved 557056K
  class space    used 16145K, committed 17024K, reserved 425984K
}
Event: 36.479 GC heap before
{Heap before GC invocations=45 (full 0):
 garbage-first heap   total 389120K, used 312700K [0x0000000080000000, 0x0000000100000000)
  region size 1024K, 82 young (83968K), 12 survivors (12288K)
 Metaspace       used 119588K, committed 121600K, reserved 557056K
  class space    used 16535K, committed 17472K, reserved 425984K
}
Event: 36.495 GC heap after
{Heap after GC invocations=46 (full 0):
 garbage-first heap   total 389120K, used 253766K [0x0000000080000000, 0x0000000100000000)
  region size 1024K, 11 young (11264K), 11 survivors (11264K)
 Metaspace       used 119588K, committed 121600K, reserved 557056K
  class space    used 16535K, committed 17472K, reserved 425984K
}
Event: 37.125 GC heap before
{Heap before GC invocations=46 (full 0):
 garbage-first heap   total 389120K, used 317254K [0x0000000080000000, 0x0000000100000000)
  region size 1024K, 74 young (75776K), 11 survivors (11264K)
 Metaspace       used 120470K, committed 122432K, reserved 557056K
  class space    used 16653K, committed 17600K, reserved 425984K
}
Event: 37.141 GC heap after
{Heap after GC invocations=47 (full 0):
 garbage-first heap   total 389120K, used 264524K [0x0000000080000000, 0x0000000100000000)
  region size 1024K, 10 young (10240K), 10 survivors (10240K)
 Metaspace       used 120470K, committed 122432K, reserved 557056K
  class space    used 16653K, committed 17600K, reserved 425984K
}
Event: 38.227 GC heap before
{Heap before GC invocations=47 (full 0):
 garbage-first heap   total 389120K, used 320844K [0x0000000080000000, 0x0000000100000000)
  region size 1024K, 66 young (67584K), 10 survivors (10240K)
 Metaspace       used 121080K, committed 123072K, reserved 557056K
  class space    used 16718K, committed 17664K, reserved 425984K
}
Event: 38.237 GC heap after
{Heap after GC invocations=48 (full 0):
 garbage-first heap   total 389120K, used 269312K [0x0000000080000000, 0x0000000100000000)
  region size 1024K, 4 young (4096K), 4 survivors (4096K)
 Metaspace       used 121080K, committed 123072K, reserved 557056K
  class space    used 16718K, committed 17664K, reserved 425984K
}
Event: 39.647 GC heap before
{Heap before GC invocations=48 (full 0):
 garbage-first heap   total 389120K, used 326656K [0x0000000080000000, 0x0000000100000000)
  region size 1024K, 60 young (61440K), 4 survivors (4096K)
 Metaspace       used 121183K, committed 123200K, reserved 557056K
  class space    used 16735K, committed 17664K, reserved 425984K
}
Event: 39.656 GC heap after
{Heap after GC invocations=49 (full 0):
 garbage-first heap   total 389120K, used 276989K [0x0000000080000000, 0x0000000100000000)
  region size 1024K, 8 young (8192K), 8 survivors (8192K)
 Metaspace       used 121183K, committed 123200K, reserved 557056K
  class space    used 16735K, committed 17664K, reserved 425984K
}
Event: 40.539 GC heap before
{Heap before GC invocations=49 (full 0):
 garbage-first heap   total 389120K, used 328189K [0x0000000080000000, 0x0000000100000000)
  region size 1024K, 59 young (60416K), 8 survivors (8192K)
 Metaspace       used 121429K, committed 123456K, reserved 557056K
  class space    used 16767K, committed 17728K, reserved 425984K
}
Event: 40.549 GC heap after
{Heap after GC invocations=50 (full 0):
 garbage-first heap   total 389120K, used 283705K [0x0000000080000000, 0x0000000100000000)
  region size 1024K, 7 young (7168K), 7 survivors (7168K)
 Metaspace       used 121429K, committed 123456K, reserved 557056K
  class space    used 16767K, committed 17728K, reserved 425984K
}
Event: 40.854 GC heap before
{Heap before GC invocations=50 (full 0):
 garbage-first heap   total 389120K, used 329785K [0x0000000080000000, 0x0000000100000000)
  region size 1024K, 53 young (54272K), 7 survivors (7168K)
 Metaspace       used 121483K, committed 123520K, reserved 557056K
  class space    used 16767K, committed 17728K, reserved 425984K
}
Event: 40.859 GC heap after
{Heap after GC invocations=51 (full 0):
 garbage-first heap   total 389120K, used 286882K [0x0000000080000000, 0x0000000100000000)
  region size 1024K, 4 young (4096K), 4 survivors (4096K)
 Metaspace       used 121483K, committed 123520K, reserved 557056K
  class space    used 16767K, committed 17728K, reserved 425984K
}

